<?xml version="1.0" encoding="UTF-8"?>
<!-- Generated by org.testng.reporters.JUnitReportReporter -->
<testsuite skipped="0" hostname="My_PC" name="tests.FuseAppTest" tests="1" failures="0" timestamp="06 Feb 2019 18:13:46 GMT" time="6.618" errors="0">
  <testcase name="selectCreateApp" time="6.618" classname="tests.FuseAppTest"/>
</testsuite> <!-- tests.FuseAppTest -->
