<?xml version="1.0" encoding="UTF-8"?>
<!-- Generated by org.testng.reporters.JUnitReportReporter -->
<testsuite skipped="0" hostname="My_PC" name="tests.SetupTest" tests="1" failures="0" timestamp="20 Feb 2019 18:49:31 GMT" time="9.431" errors="0">
  <testcase name="selectCreateApp" time="9.431" classname="tests.SetupTest"/>
</testsuite> <!-- tests.SetupTest -->
